demo/app/build/outputs/logs/manifest-merger-debug-report.txt
-- Merging decision tree log ---
manifest
ADDED from src\main\AndroidManifest.xml:2:1-54:12
	package
		ADDED from src\main\AndroidManifest.xml:3:5-35
		INJECTED from src\main\AndroidManifest.xml
		INJECTED from src\main\AndroidManifest.xml
	android:versionName
		ADDED from src\main\AndroidManifest.xml:5:5-32
		INJECTED from src\main\AndroidManifest.xml
		INJECTED from src\main\AndroidManifest.xml
	android:versionCode
		ADDED from src\main\AndroidManifest.xml:4:5-30
		INJECTED from src\main\AndroidManifest.xml
		INJECTED from src\main\AndroidManifest.xml
	xmlns:android
		ADDED from src\main\AndroidManifest.xml:2:11-69
uses-sdk
ADDED from src\main\AndroidManifest.xml:7:5-9:41
MERGED from [com.android.support:support-v4:24.1.1] AndroidManifest.xml:21:5-23:54
MERGED from [com.android.support:appcompat-v7:24.1.1] AndroidManifest.xml:21:5-23:78
MERGED from [com.android.support:animated-vector-drawable:24.1.1] AndroidManifest.xml:20:5-44
MERGED from [com.android.support:support-vector-drawable:24.1.1] AndroidManifest.xml:21:5-43
MERGED from [com.android.support:support-v4:24.1.1] AndroidManifest.xml:21:5-23:54
MERGED from [com.android.support:support-v4:24.1.1] AndroidManifest.xml:21:5-23:54
MERGED from [com.android.support:support-vector-drawable:24.1.1] AndroidManifest.xml:21:5-43
MERGED from [com.android.support:support-v4:24.1.1] AndroidManifest.xml:21:5-23:54
	tools:overrideLibrary
		ADDED from [com.android.support:support-v4:24.1.1] AndroidManifest.xml:23:9-51
	android:targetSdkVersion
		ADDED from src\main\AndroidManifest.xml:9:9-38
		INJECTED from src\main\AndroidManifest.xml
		INJECTED from src\main\AndroidManifest.xml
	android:minSdkVersion
		ADDED from src\main\AndroidManifest.xml:8:9-35
		INJECTED from src\main\AndroidManifest.xml
		INJECTED from src\main\AndroidManifest.xml
permission#android.hardware.usb.host
ADDED from src\main\AndroidManifest.xml:11:5-12:18
	android:name
		ADDED from src\main\AndroidManifest.xml:11:17-57
uses-permission#android.permission.WAKE_LOCK
ADDED from src\main\AndroidManifest.xml:14:5-68
	android:name
		ADDED from src\main\AndroidManifest.xml:14:22-65
uses-permission#android.permission.BLUETOOTH
ADDED from src\main\AndroidManifest.xml:15:5-68
	android:name
		ADDED from src\main\AndroidManifest.xml:15:22-65
uses-permission#android.permission.BLUETOOTH_ADMIN
ADDED from src\main\AndroidManifest.xml:16:5-74
	android:name
		ADDED from src\main\AndroidManifest.xml:16:22-71
uses-feature#android.hardware.bluetooth_le
ADDED from src\main\AndroidManifest.xml:18:5-20:36
	android:required
		ADDED from src\main\AndroidManifest.xml:20:9-33
	android:name
		ADDED from src\main\AndroidManifest.xml:19:9-53
application
ADDED from src\main\AndroidManifest.xml:22:5-52:19
MERGED from [com.android.support:support-v4:24.1.1] AndroidManifest.xml:25:5-20
MERGED from [com.android.support:appcompat-v7:24.1.1] AndroidManifest.xml:25:5-20
MERGED from [com.android.support:animated-vector-drawable:24.1.1] AndroidManifest.xml:22:5-20
MERGED from [com.android.support:support-vector-drawable:24.1.1] AndroidManifest.xml:23:5-20
MERGED from [com.android.support:support-v4:24.1.1] AndroidManifest.xml:25:5-20
MERGED from [com.android.support:support-v4:24.1.1] AndroidManifest.xml:25:5-20
MERGED from [com.android.support:support-vector-drawable:24.1.1] AndroidManifest.xml:23:5-20
MERGED from [com.android.support:support-v4:24.1.1] AndroidManifest.xml:25:5-20
	android:label
		ADDED from src\main\AndroidManifest.xml:26:9-41
	android:requiredForAllUsers
		ADDED from src\main\AndroidManifest.xml:27:9-43
	android:allowBackup
		ADDED from src\main\AndroidManifest.xml:24:9-35
	android:icon
		ADDED from src\main\AndroidManifest.xml:25:9-45
	android:theme
		ADDED from src\main\AndroidManifest.xml:28:9-40
	android:name
		ADDED from src\main\AndroidManifest.xml:23:9-58
activity#com.cynoware.posmate.MainActivity
ADDED from src\main\AndroidManifest.xml:30:9-39:20
	android:screenOrientation
		ADDED from src\main\AndroidManifest.xml:34:13-50
	android:label
		ADDED from src\main\AndroidManifest.xml:32:13-45
	android:launchMode
		ADDED from src\main\AndroidManifest.xml:33:13-44
	android:name
		ADDED from src\main\AndroidManifest.xml:31:13-61
intent-filter#android.intent.action.MAIN+android.intent.category.LAUNCHER
ADDED from src\main\AndroidManifest.xml:35:13-38:29
action#android.intent.action.MAIN
ADDED from src\main\AndroidManifest.xml:36:17-69
	android:name
		ADDED from src\main\AndroidManifest.xml:36:25-66
category#android.intent.category.LAUNCHER
ADDED from src\main\AndroidManifest.xml:37:17-77
	android:name
		ADDED from src\main\AndroidManifest.xml:37:27-74
activity#com.cynoware.posmate.BTDevicesActivity
ADDED from src\main\AndroidManifest.xml:41:9-46:20
	android:screenOrientation
		ADDED from src\main\AndroidManifest.xml:44:13-50
	android:label
		ADDED from src\main\AndroidManifest.xml:43:13-45
	android:theme
		ADDED from src\main\AndroidManifest.xml:45:13-50
	android:name
		ADDED from src\main\AndroidManifest.xml:42:13-66
service#com.cynoware.posmate.sdk.BluetoothLeService
ADDED from src\main\AndroidManifest.xml:48:9-51:19
	android:enabled
		ADDED from src\main\AndroidManifest.xml:50:13-35
	android:name
		ADDED from src\main\AndroidManifest.xml:49:13-71